{
  "RSpec": {
    "coverage": {
      "/Users/Jeremyrrsmith/Coding-Projects/Training_Exercises/cleo-tech-test-vending-machine/spec/feature_spec.rb": [
        1,
        1,
        null,
        1,
        5,
        null,
        2,
        null,
        1,
        null,
        1,
        1,
        1,
        1,
        1,
        null,
        null,
        1,
        1,
        1,
        1,
        1,
        null,
        null,
        1,
        1,
        1,
        1,
        1,
        null,
        null,
        1,
        1,
        1,
        null,
        null
      ],
      "/Users/Jeremyrrsmith/Coding-Projects/Training_Exercises/cleo-tech-test-vending-machine/lib/vending_machine.rb": [
        null,
        null,
        1,
        1,
        null,
        1,
        23,
        23,
        23,
        null,
        null,
        1,
        6,
        6,
        48,
        22,
        22,
        null,
        null,
        6,
        null,
        null,
        1,
        10,
        80,
        10,
        null,
        null,
        null,
        null,
        1,
        17,
        136,
        17,
        null,
        null,
        null,
        null,
        null,
        1,
        22,
        null,
        6,
        null,
        2,
        null,
        2,
        null,
        2,
        null,
        3,
        null,
        2,
        null,
        3,
        null,
        2,
        null,
        null,
        null,
        1,
        11,
        31,
        null,
        null,
        null,
        1,
        2,
        2,
        16,
        2,
        null,
        null,
        null,
        1,
        3,
        null,
        null,
        1,
        3,
        3,
        3,
        4,
        4,
        null,
        null,
        null,
        null,
        1,
        6,
        6,
        28,
        18,
        null,
        null,
        6,
        null,
        null,
        1,
        null,
        1,
        3,
        null,
        null,
        1,
        2,
        null,
        null
      ],
      "/Users/Jeremyrrsmith/Coding-Projects/Training_Exercises/cleo-tech-test-vending-machine/lib/product.rb": [
        null,
        1,
        1,
        null,
        1,
        1,
        1,
        null,
        null
      ],
      "/Users/Jeremyrrsmith/Coding-Projects/Training_Exercises/cleo-tech-test-vending-machine/spec/product_spec.rb": [

      ],
      "/Users/Jeremyrrsmith/Coding-Projects/Training_Exercises/cleo-tech-test-vending-machine/spec/vending_machine_spec.rb": [
        1,
        1,
        1,
        null,
        1,
        20,
        null,
        5,
        null,
        6,
        null,
        1,
        1,
        1,
        null,
        null,
        1,
        1,
        1,
        null,
        null,
        null,
        1,
        1,
        1,
        null,
        null,
        1,
        1,
        1,
        null,
        null,
        1,
        1,
        1,
        1,
        1,
        null,
        null,
        null,
        1,
        1,
        1,
        null,
        null,
        1,
        1,
        1,
        null,
        null,
        1,
        1,
        1,
        1,
        null,
        null,
        null,
        1,
        1,
        1,
        1,
        1,
        null,
        null,
        1,
        1,
        1,
        1,
        null,
        null,
        null,
        1,
        1,
        1,
        null,
        null,
        1,
        1,
        1,
        1,
        1,
        null,
        null,
        1,
        1,
        1,
        1,
        1,
        1,
        1,
        null,
        null,
        null,
        1,
        1,
        1,
        1,
        null,
        null,
        1,
        1,
        1,
        null,
        null,
        1,
        1,
        1,
        1,
        1,
        1,
        1,
        1,
        1,
        1,
        null,
        null,
        null,
        1,
        1,
        1,
        null,
        null,
        1,
        1,
        1,
        null,
        null,
        1,
        1,
        1,
        1,
        1,
        1,
        1,
        1,
        1,
        1,
        null,
        null,
        null
      ]
    },
    "timestamp": 1563210031
  }
}
